<?xml version="1.0" encoding="UTF-8"?>
<!-- Generated by org.testng.reporters.JUnitXMLReporter -->
<testsuite hostname="JyotiP-desk" ignored="0" name="mavendemo" tests="4" failures="0" timestamp="03 Oct 2019 07:10:37 GMT" time="0.029" errors="0">
  <testcase name="@BeforeMethod setup" time="0.0" classname="Utility.BrowserDetails">
    <failure type="org.testng.TestNGException" message="
Parameter &amp;apos;browser&amp;apos; is required by BeforeMethod on method setup but has not been marked @Optional or defined
in C:\Users\JyotiP\.IntelliJIdea2019.2\system\temp-testng-customsuite.xml">
      <![CDATA[org.testng.TestNGException: 
Parameter 'browser' is required by BeforeMethod on method setup but has not been marked @Optional or defined
in C:\Users\JyotiP\.IntelliJIdea2019.2\system\temp-testng-customsuite.xml
... Removed 24 stack frames]]>
    </failure>
  </testcase> <!-- @BeforeMethod setup -->
  <testcase name="@AfterMethod close" time="0.0" classname="Utility.BrowserDetails">
    <skipped/>
  </testcase> <!-- @AfterMethod close -->
  <testcase name="@BeforeMethod setup" time="0.0" classname="Utility.BrowserDetails">
    <skipped/>
  </testcase> <!-- @BeforeMethod setup -->
  <testcase name="@AfterMethod close" time="0.0" classname="Utility.BrowserDetails">
    <skipped/>
  </testcase> <!-- @AfterMethod close -->
  <testcase name="@BeforeMethod setup" time="0.0" classname="Utility.BrowserDetails">
    <skipped/>
  </testcase> <!-- @BeforeMethod setup -->
  <testcase name="@AfterMethod close" time="0.0" classname="Utility.BrowserDetails">
    <skipped/>
  </testcase> <!-- @AfterMethod close -->
  <testcase name="@BeforeMethod setup" time="0.0" classname="Utility.BrowserDetails">
    <skipped/>
  </testcase> <!-- @BeforeMethod setup -->
  <testcase name="@AfterMethod close" time="0.0" classname="Utility.BrowserDetails">
    <skipped/>
  </testcase> <!-- @AfterMethod close -->
  <testcase name="AccountCreate" time="0.0" classname="test.DemoAppTest">
    <skipped/>
  </testcase> <!-- AccountCreate -->
  <testcase name="Downloadpdf" time="0.0" classname="test.DemoAppTest">
    <skipped/>
  </testcase> <!-- Downloadpdf -->
  <testcase name="ProductCheckout" time="0.0" classname="test.DemoAppTest">
    <skipped/>
  </testcase> <!-- ProductCheckout -->
  <testcase name="SearchData" time="0.0" classname="test.DemoAppTest">
    <skipped/>
  </testcase> <!-- SearchData -->
</testsuite> <!-- mavendemo -->
