<?xml version="1.0" encoding="UTF-8"?>
<testng-results skipped="0" failed="1" ignored="0" total="5" passed="4">
  <reporter-output>
    <line>
      <![CDATA[<br><img src="file://C:\Users\JyotiP\IdeaProjects\mavendemo\target\TestResultScreenshot\20191003_172626.png" alt=""/></br>]]>
    </line>
    <line>
      <![CDATA[<br><img src="file://C:\Users\JyotiP\IdeaProjects\mavendemo\target\TestResultScreenshot\20191003_172626.png" alt=""/></br>]]>
    </line>
  </reporter-output>
  <suite name="All Test Suite" duration-ms="207931" started-at="2019-10-03T11:52:59Z" finished-at="2019-10-03T11:56:27Z">
    <groups>
    </groups>
    <test name="AutomationAssignment" duration-ms="207931" started-at="2019-10-03T11:52:59Z" finished-at="2019-10-03T11:56:27Z">
      <class name="test.DemoAppTest">
        <test-method status="PASS" signature="setup(java.lang.String)[pri:0, instance:test.DemoAppTest@305fd85d]" name="setup" is-config="true" duration-ms="15215" started-at="2019-10-03T11:52:59Z" finished-at="2019-10-03T11:53:14Z">
          <params>
            <param index="0">
              <value is-null="true"/>
            </param>
          </params>
          <reporter-output>
          </reporter-output>
        </test-method> <!-- setup -->
        <test-method status="PASS" signature="AccountCreate()[pri:0, instance:test.DemoAppTest@305fd85d]" name="AccountCreate" duration-ms="28776" started-at="2019-10-03T11:53:14Z" finished-at="2019-10-03T11:53:43Z">
          <reporter-output>
          </reporter-output>
        </test-method> <!-- AccountCreate -->
        <test-method status="PASS" signature="close()[pri:0, instance:test.DemoAppTest@305fd85d]" name="close" is-config="true" duration-ms="564" started-at="2019-10-03T11:53:43Z" finished-at="2019-10-03T11:53:43Z">
          <reporter-output>
          </reporter-output>
        </test-method> <!-- close -->
        <test-method status="PASS" signature="setup(java.lang.String)[pri:0, instance:test.DemoAppTest@305fd85d]" name="setup" is-config="true" duration-ms="14752" started-at="2019-10-03T11:53:43Z" finished-at="2019-10-03T11:53:58Z">
          <params>
            <param index="0">
              <value is-null="true"/>
            </param>
          </params>
          <reporter-output>
          </reporter-output>
        </test-method> <!-- setup -->
        <test-method status="PASS" signature="SearchData()[pri:0, instance:test.DemoAppTest@305fd85d]" name="SearchData" duration-ms="17950" started-at="2019-10-03T11:53:58Z" finished-at="2019-10-03T11:54:16Z">
          <reporter-output>
          </reporter-output>
        </test-method> <!-- SearchData -->
        <test-method status="PASS" signature="close()[pri:0, instance:test.DemoAppTest@305fd85d]" name="close" is-config="true" duration-ms="571" started-at="2019-10-03T11:54:16Z" finished-at="2019-10-03T11:54:17Z">
          <reporter-output>
          </reporter-output>
        </test-method> <!-- close -->
        <test-method status="PASS" signature="setup(java.lang.String)[pri:0, instance:test.DemoAppTest@305fd85d]" name="setup" is-config="true" duration-ms="15047" started-at="2019-10-03T11:54:17Z" finished-at="2019-10-03T11:54:32Z">
          <params>
            <param index="0">
              <value is-null="true"/>
            </param>
          </params>
          <reporter-output>
          </reporter-output>
        </test-method> <!-- setup -->
        <test-method status="PASS" signature="ProductCheckout()[pri:0, instance:test.DemoAppTest@305fd85d]" name="ProductCheckout" duration-ms="71456" started-at="2019-10-03T11:54:32Z" finished-at="2019-10-03T11:55:43Z">
          <reporter-output>
          </reporter-output>
        </test-method> <!-- ProductCheckout -->
        <test-method status="PASS" signature="close()[pri:0, instance:test.DemoAppTest@305fd85d]" name="close" is-config="true" duration-ms="576" started-at="2019-10-03T11:55:43Z" finished-at="2019-10-03T11:55:44Z">
          <reporter-output>
          </reporter-output>
        </test-method> <!-- close -->
        <test-method status="PASS" signature="setup(java.lang.String)[pri:0, instance:test.DemoAppTest@305fd85d]" name="setup" is-config="true" duration-ms="9059" started-at="2019-10-03T11:55:44Z" finished-at="2019-10-03T11:55:53Z">
          <params>
            <param index="0">
              <value is-null="true"/>
            </param>
          </params>
          <reporter-output>
          </reporter-output>
        </test-method> <!-- setup -->
        <test-method status="PASS" signature="Downloadpdf()[pri:0, instance:test.DemoAppTest@305fd85d]" name="Downloadpdf" duration-ms="20589" started-at="2019-10-03T11:55:53Z" finished-at="2019-10-03T11:56:13Z">
          <reporter-output>
          </reporter-output>
        </test-method> <!-- Downloadpdf -->
        <test-method status="PASS" signature="close()[pri:0, instance:test.DemoAppTest@305fd85d]" name="close" is-config="true" duration-ms="586" started-at="2019-10-03T11:56:13Z" finished-at="2019-10-03T11:56:14Z">
          <reporter-output>
          </reporter-output>
        </test-method> <!-- close -->
        <test-method status="PASS" signature="setup(java.lang.String)[pri:0, instance:test.DemoAppTest@305fd85d]" name="setup" is-config="true" duration-ms="8342" started-at="2019-10-03T11:56:14Z" finished-at="2019-10-03T11:56:22Z">
          <params>
            <param index="0">
              <value is-null="true"/>
            </param>
          </params>
          <reporter-output>
          </reporter-output>
        </test-method> <!-- setup -->
        <test-method status="FAIL" signature="InvalidDataCase()[pri:0, instance:test.DemoAppTest@305fd85d]" name="InvalidDataCase" duration-ms="3297" started-at="2019-10-03T11:56:22Z" finished-at="2019-10-03T11:56:25Z">
          <exception class="java.lang.AssertionError">
            <message>
              <![CDATA[expected [Woman] but found [WOMEN]]]>
            </message>
            <full-stacktrace>
              <![CDATA[java.lang.AssertionError: expected [Woman] but found [WOMEN]
at org.testng.Assert.fail(Assert.java:96)
at org.testng.Assert.failNotEquals(Assert.java:776)
at org.testng.Assert.assertEqualsImpl(Assert.java:137)
at org.testng.Assert.assertEquals(Assert.java:118)
at org.testng.Assert.assertEquals(Assert.java:453)
at org.testng.Assert.assertEquals(Assert.java:463)
at test.DemoAppTest.InvalidDataCase(DemoAppTest.java:173)
at sun.reflect.NativeMethodAccessorImpl.invoke0(Native Method)
at sun.reflect.NativeMethodAccessorImpl.invoke(NativeMethodAccessorImpl.java:62)
at sun.reflect.DelegatingMethodAccessorImpl.invoke(DelegatingMethodAccessorImpl.java:43)
at java.lang.reflect.Method.invoke(Method.java:498)
at org.testng.internal.MethodInvocationHelper.invokeMethod(MethodInvocationHelper.java:124)
at org.testng.internal.Invoker.invokeMethod(Invoker.java:583)
at org.testng.internal.Invoker.invokeTestMethod(Invoker.java:719)
at org.testng.internal.Invoker.invokeTestMethods(Invoker.java:989)
at org.testng.internal.TestMethodWorker.invokeTestMethods(TestMethodWorker.java:125)
at org.testng.internal.TestMethodWorker.run(TestMethodWorker.java:109)
at org.testng.TestRunner.privateRun(TestRunner.java:648)
at org.testng.TestRunner.run(TestRunner.java:505)
at org.testng.SuiteRunner.runTest(SuiteRunner.java:455)
at org.testng.SuiteRunner.runSequentially(SuiteRunner.java:450)
at org.testng.SuiteRunner.privateRun(SuiteRunner.java:415)
at org.testng.SuiteRunner.run(SuiteRunner.java:364)
at org.testng.SuiteRunnerWorker.runSuite(SuiteRunnerWorker.java:52)
at org.testng.SuiteRunnerWorker.run(SuiteRunnerWorker.java:84)
at org.testng.TestNG.runSuitesSequentially(TestNG.java:1208)
at org.testng.TestNG.runSuitesLocally(TestNG.java:1137)
at org.testng.TestNG.runSuites(TestNG.java:1049)
at org.testng.TestNG.run(TestNG.java:1017)
at org.testng.IDEARemoteTestNG.run(IDEARemoteTestNG.java:73)
at org.testng.RemoteTestNGStarter.main(RemoteTestNGStarter.java:123)
]]>
            </full-stacktrace>
          </exception> <!-- java.lang.AssertionError -->
          <reporter-output>
            <line>
              <![CDATA[<br><img src="file://C:\Users\JyotiP\IdeaProjects\mavendemo\target\TestResultScreenshot\20191003_172626.png" alt=""/></br>]]>
            </line>
            <line>
              <![CDATA[<br><img src="file://C:\Users\JyotiP\IdeaProjects\mavendemo\target\TestResultScreenshot\20191003_172626.png" alt=""/></br>]]>
            </line>
          </reporter-output>
        </test-method> <!-- InvalidDataCase -->
        <test-method status="PASS" signature="close()[pri:0, instance:test.DemoAppTest@305fd85d]" name="close" is-config="true" duration-ms="567" started-at="2019-10-03T11:56:26Z" finished-at="2019-10-03T11:56:27Z">
          <reporter-output>
          </reporter-output>
        </test-method> <!-- close -->
      </class> <!-- test.DemoAppTest -->
    </test> <!-- AutomationAssignment -->
  </suite> <!-- All Test Suite -->
</testng-results>
